gcnn_mnist_seed_0
gcnn_mnist_seed_1
gcnn_mnist_seed_2
gcnn_mnist_seed_3
gcnn_mnist_seed_4
gcnn_rot_mnist_seed_0
gcnn_rot_mnist_seed_1
gcnn_rot_mnist_seed_2
gcnn_rot_mnist_seed_3
gcnn_rot_mnist_seed_4
gcnn_fashionmnist_seed_0
gcnn_fashionmnist_seed_1
gcnn_fashionmnist_seed_2
gcnn_fashionmnist_seed_3
gcnn_fashionmnist_seed_4
gcnn_rot_fashion_mnist_seed_0
gcnn_rot_fashion_mnist_seed_1
gcnn_rot_fashion_mnist_seed_2
gcnn_rot_fashion_mnist_seed_3
gcnn_rot_fashion_mnist_seed_4
gcnn_cifar10_seed_0
gcnn_cifar10_seed_1
gcnn_cifar10_seed_2
gcnn_cifar10_seed_3
gcnn_cifar10_seed_4
gcnn_cifar10_plus_seed_0
gcnn_cifar10_plus_seed_1
gcnn_cifar10_plus_seed_2
gcnn_cifar10_plus_seed_3
gcnn_cifar10_plus_seed_4
gcnn_gtsrb_seed_0
gcnn_gtsrb_seed_1
gcnn_gtsrb_seed_2
gcnn_gtsrb_seed_3
gcnn_gtsrb_seed_4
gcnn_gtsrb_plus_seed_0
gcnn_gtsrb_plus_seed_1
gcnn_gtsrb_plus_seed_2
gcnn_gtsrb_plus_seed_3
gcnn_gtsrb_plus_seed_4
