==========================================
SLURM_CLUSTER_NAME = paramganga
SLURM_ARRAY_JOB_ID = 
SLURM_ARRAY_TASK_ID = 
SLURM_ARRAY_TASK_COUNT = 
SLURM_ARRAY_TASK_MAX = 
SLURM_ARRAY_TASK_MIN = 
SLURM_JOB_ACCOUNT = iitr
SLURM_JOB_ID = 395380
SLURM_JOB_NAME = run_all
SLURM_JOB_NODELIST = gpu005
SLURM_JOB_USER = pradeep.cs.iitr
SLURM_JOB_UID = 38551
SLURM_JOB_PARTITION = gpu
SLURM_TASK_PID = 29256
SLURM_SUBMIT_DIR = /scratch/pradeep.cs.iitr/Pose-Selective-Sparse-GCNNs
SLURM_CPUS_ON_NODE = 1
SLURM_NTASKS = 
SLURM_TASK_PID = 29256
==========================================
Queue has space (1/4). Submitting job: gcnn_mnist_seed_0
Submitted batch job 395381
Queue has space (2/4). Submitting job: gcnn_mnist_seed_1
Submitted batch job 395382
Queue has space (3/4). Submitting job: gcnn_mnist_seed_2
Submitted batch job 395383
Job limit (4) reached. Waiting for 60 seconds...
Job limit (4) reached. Waiting for 60 seconds...
Job limit (4) reached. Waiting for 60 seconds...
Job limit (4) reached. Waiting for 60 seconds...
Job limit (4) reached. Waiting for 60 seconds...
Job limit (4) reached. Waiting for 60 seconds...
Job limit (4) reached. Waiting for 60 seconds...
Job limit (4) reached. Waiting for 60 seconds...
Job limit (4) reached. Waiting for 60 seconds...
Job limit (4) reached. Waiting for 60 seconds...
Job limit (4) reached. Waiting for 60 seconds...
Job limit (4) reached. Waiting for 60 seconds...
Job limit (4) reached. Waiting for 60 seconds...
Job limit (4) reached. Waiting for 60 seconds...
Job limit (4) reached. Waiting for 60 seconds...
Job limit (4) reached. Waiting for 60 seconds...
Job limit (4) reached. Waiting for 60 seconds...
Job limit (4) reached. Waiting for 60 seconds...
Job limit (4) reached. Waiting for 60 seconds...
Job limit (4) reached. Waiting for 60 seconds...
Job limit (4) reached. Waiting for 60 seconds...
Job limit (4) reached. Waiting for 60 seconds...
Job limit (4) reached. Waiting for 60 seconds...
Job limit (4) reached. Waiting for 60 seconds...
Job limit (4) reached. Waiting for 60 seconds...
Job limit (4) reached. Waiting for 60 seconds...
Job limit (4) reached. Waiting for 60 seconds...
Job limit (4) reached. Waiting for 60 seconds...
Job limit (4) reached. Waiting for 60 seconds...
Job limit (4) reached. Waiting for 60 seconds...
Job limit (4) reached. Waiting for 60 seconds...
Job limit (4) reached. Waiting for 60 seconds...
Job limit (4) reached. Waiting for 60 seconds...
Job limit (4) reached. Waiting for 60 seconds...
Job limit (4) reached. Waiting for 60 seconds...
Job limit (4) reached. Waiting for 60 seconds...
Job limit (4) reached. Waiting for 60 seconds...
Job limit (4) reached. Waiting for 60 seconds...
Job limit (4) reached. Waiting for 60 seconds...
Job limit (4) reached. Waiting for 60 seconds...
Job limit (4) reached. Waiting for 60 seconds...
Job limit (4) reached. Waiting for 60 seconds...
